\BOOKMARK [0][-]{chapter*.2}{\376\377\000W\000s\000t\001\031\000p}{}% 1
\BOOKMARK [0][-]{chapter*.3}{\376\377\000P\000o\000d\000s\000t\000a\000w\000o\000w\000e\000\040\000i\000n\000f\000o\000r\000m\000a\000c\000j\000e}{}% 2
\BOOKMARK [0][-]{chapter.1}{\376\377\000A\000l\000g\000e\000b\000r\000a\000\040\000c\000z\000t\000e\000r\000o\000w\000y\000m\000i\000a\000r\000o\000w\000a\000\040\000k\000w\000a\000t\000e\000r\000n\000i\000o\000n\000\363\000w}{}% 3
\BOOKMARK [1][-]{section.1.1}{\376\377\000W\001\102\000a\000s\000n\000o\001\133\000c\000i\000\040\000d\000z\000i\000a\001\102\000a\000n\000i\000a\000\040\000m\000n\000o\001\174\000e\000n\000i\000a\000\040\000w\000\040\000a\000l\000g\000e\000b\000r\000z\000e\000\040\000k\000w\000a\000t\000e\000r\000n\000i\000o\000n\000\363\000w}{chapter.1}% 4
\BOOKMARK [2][-]{subsection.1.1.1}{\376\377\000E\000l\000e\000m\000e\000n\000t\000\040\000n\000e\000u\000t\000r\000a\000l\000n\000y}{section.1.1}% 5
\BOOKMARK [2][-]{subsection.1.1.2}{\376\377\000P\000r\000z\000e\000m\000i\000e\000n\000n\000o\001\133\001\007\000\040\000i\000\040\000n\000i\000e\000p\000r\000z\000e\000m\000i\000e\000n\000n\000o\001\133\001\007}{section.1.1}% 6
\BOOKMARK [2][-]{subsection.1.1.3}{\376\377\001\101\001\005\000c\000z\000n\000o\001\133\001\007}{section.1.1}% 7
\BOOKMARK [1][-]{section.1.2}{\376\377\000A\000l\000t\000e\000r\000n\000a\000t\000y\000w\000n\000a\000\040\000d\000e\000f\000i\000n\000i\000c\000j\000a}{chapter.1}% 8
\BOOKMARK [1][-]{section.1.3}{\376\377\000K\000w\000a\000t\000e\000r\000n\000i\000o\000n\000\040\000o\000d\000w\000r\000o\000t\000n\000y}{chapter.1}% 9
\BOOKMARK [2][-]{subsection.1.3.1}{\376\377\000N\000o\000r\000m\000a\000\040\000o\000r\000a\000z\000\040\000s\000p\000r\000z\001\031\001\174\000e\000n\000i\000e\000\040\000k\000w\000a\000t\000e\000r\000n\000i\000o\000n\000u}{section.1.3}% 10
\BOOKMARK [1][-]{section.1.4}{\376\377\000P\000r\000z\000y\000k\001\102\000a\000d\000o\000w\000e\000\040\000a\000l\000g\000e\000b\000r\000y\000\040\000k\000w\000a\000t\000e\000r\000n\000i\000o\000n\000\363\000w}{chapter.1}% 11
\BOOKMARK [2][-]{subsection.1.4.1}{\376\377\000P\000o\000s\000t\000a\001\007\000\040\000k\000a\000n\000o\000n\000i\000c\000z\000n\000a}{section.1.4}% 12
\BOOKMARK [2][-]{subsection.1.4.2}{\376\377\000P\000o\000s\000t\000a\001\007\000\040\000h\000a\000m\000i\000l\000t\000o\000n\000o\000w\000s\000k\000a}{section.1.4}% 13
\BOOKMARK [2][-]{subsection.1.4.3}{\376\377\000P\000o\000s\000t\000a\001\007\000\040\000m\000a\000c\000i\000e\000r\000z\000o\000w\000a}{section.1.4}% 14
\BOOKMARK [2][-]{subsection.1.4.4}{\376\377\000P\000o\000s\000t\000a\001\007\000\040\000t\000r\000y\000g\000o\000n\000o\000m\000e\000t\000r\000y\000c\000z\000n\000a}{section.1.4}% 15
\BOOKMARK [0][-]{chapter.2}{\376\377\000P\000o\000w\000i\001\005\000z\000a\000n\000i\000e\000\040\000z\000\040\000g\000e\000o\000m\000e\000t\000r\000i\001\005}{}% 16
\BOOKMARK [1][-]{section.2.1}{\376\377\000O\000b\000r\000\363\000t\000\040\000w\000\040\000p\000r\000z\000e\000s\000t\000r\000z\000e\000n\000i\000\040\000d\000w\000u\000w\000y\000m\000i\000a\000r\000o\000w\000e\000j}{chapter.2}% 17
\BOOKMARK [2][-]{subsection.2.1.1}{\376\377\000O\000p\000i\000s\000\040\000m\000a\000c\000i\000e\000r\000z\000o\000w\000y\000\040\000o\000b\000r\000o\000t\000u}{section.2.1}% 18
\BOOKMARK [2][-]{subsection.2.1.2}{\376\377\000M\000a\000c\000i\000e\000r\000z\000e\000\040\000o\000d\000b\000i\000c\000i\000a}{section.2.1}% 19
\BOOKMARK [2][-]{subsection.2.1.3}{\376\377\000O\000p\000i\000s\000\040\000o\000b\000r\000o\000t\000u\000\040\000z\000a\000\040\000p\000o\000m\000o\000c\001\005\000\040\000l\000i\000c\000z\000b\000\040\000z\000e\000s\000p\000o\000l\000o\000n\000y\000c\000h}{section.2.1}% 20
\BOOKMARK [1][-]{section.2.2}{\376\377\000O\000b\000r\000\363\000t\000\040\000w\000\040\000p\000r\000z\000e\000s\000t\000r\000z\000e\000n\000i\000\040\000w\000\040\000r\0003}{chapter.2}% 21
\BOOKMARK [2][-]{subsection.2.2.1}{\376\377\000K\000i\000e\000r\000u\000n\000e\000k\000\040\000o\000b\000r\000o\000t\000u}{section.2.2}% 22
\BOOKMARK [2][-]{subsection.2.2.2}{\376\377\000O\000p\000i\000s\000\040\000m\000a\000c\000i\000e\000r\000z\000o\000w\000y\000\040\000o\000b\000r\000o\000t\000u\000\040\000w\000\040\000p\000r\000z\000e\000s\000t\000r\000z\000e\000n\000i}{section.2.2}% 23
\BOOKMARK [2][-]{subsection.2.2.3}{\376\377\000W\000i\000e\000l\000o\000k\000r\000o\000t\000n\000e\000\040\000o\000b\000r\000o\000t\000y}{section.2.2}% 24
\BOOKMARK [2][-]{subsection.2.2.4}{\376\377\000M\000a\000c\000i\000e\000r\000z\000\040\000o\000b\000r\000o\000t\000u\000\040\000w\000z\000g\000l\001\031\000d\000e\000m\000\040\000d\000o\000w\000o\000l\000n\000e\000j\000\040\000o\000s\000i\000\040\000o\000b\000r\000o\000t\000u}{section.2.2}% 25
\BOOKMARK [2][-]{subsection.2.2.5}{\376\377\000O\000p\000i\000s\000\040\000k\000w\000a\000t\000e\000r\000n\000i\000o\000n\000o\000w\000y\000\040\000o\000b\000r\000o\000t\000u\000\040\000w\000\040\000p\000r\000z\000e\000s\000t\000r\000z\000e\000n\000i\000\040}{section.2.2}% 26
\BOOKMARK [0][-]{chapter.3}{\376\377\000Z\000a\000s\000t\000o\000s\000o\000w\000a\000n\000i\000e}{}% 27
\BOOKMARK [1][-]{section.3.1}{\376\377\000W\000y\000d\000a\000j\000n\000o\001\133\001\007}{chapter.3}% 28
\BOOKMARK [2][-]{subsection.3.1.1}{\376\377\000K\000o\000n\000t\000r\000u\000k\000c\000j\000a\000\040\000b\000e\000n\000c\000h\000a\000m\000r\000k\000a}{section.3.1}% 29
\BOOKMARK [0][-]{chapter.4}{\376\377\000L\000i\000t\000e\000r\000a\000t\000u\000r\000a}{}% 30
